<?xml version="1.0" encoding="UTF-8"?>
<!-- Generated by org.testng.reporters.JUnitXMLReporter -->
<testsuite hostname="DESKTOP-DTG1NHM" ignored="0" name="Default test" tests="2" failures="0" timestamp="14 Oct 2018 19:04:59 GMT" time="17.38" errors="0">
  <testcase name="Registration" time="0.241" classname="com.aliexpress.auto.tests.AliexpressTests"/>
  <testcase name="searchFromMainHomePage" time="15.924" classname="com.aliexpress.auto.tests.AliexpressTests"/>
</testsuite> <!-- Default test -->
