<?xml version="1.0" encoding="UTF-8"?>
<testng-results skipped="0" failed="0" ignored="0" total="2" passed="2">
  <reporter-output>
    <line>
      <![CDATA[Browsing to URL: https://www.aliexpress.com/]]>
    </line>
    <line>
      <![CDATA[Element displayed: wellcome pop-up (By.xpath: //div[@class='newuser-container'])]]>
    </line>
    <line>
      <![CDATA[Click on element: close pop-up button (By.xpath: //a[@class='close-layer'])]]>
    </line>
    <line>
      <![CDATA[Write 'Adidas jacket' to element: search box (By.id: search-key)]]>
    </line>
    <line>
      <![CDATA[Click on element: search button (By.xpath: //input[@class='search-button'])]]>
    </line>
    <line>
      <![CDATA[Click on element: search button (By.xpath: //input[@class='search-button'])]]>
    </line>
  </reporter-output>
  <suite name="Default suite" duration-ms="17380" started-at="2018-10-14T19:04:41Z" finished-at="2018-10-14T19:04:59Z">
    <groups>
    </groups>
    <test name="Default test" duration-ms="17380" started-at="2018-10-14T19:04:41Z" finished-at="2018-10-14T19:04:59Z">
      <class name="com.aliexpress.auto.tests.AliexpressTests">
        <test-method status="PASS" signature="beforeClass()[pri:0, instance:com.aliexpress.auto.tests.AliexpressTests@4883b407]" name="beforeClass" is-config="true" duration-ms="25" started-at="2018-10-14T19:04:41Z" finished-at="2018-10-14T19:04:41Z">
          <reporter-output>
          </reporter-output>
        </test-method> <!-- beforeClass -->
        <test-method status="PASS" signature="Registration()[pri:0, instance:com.aliexpress.auto.tests.AliexpressTests@4883b407]" name="Registration" duration-ms="241" started-at="2018-10-14T19:04:41Z" finished-at="2018-10-14T19:04:42Z">
          <reporter-output>
          </reporter-output>
        </test-method> <!-- Registration -->
        <test-method status="PASS" signature="afterMethod()[pri:0, instance:com.aliexpress.auto.tests.AliexpressTests@4883b407]" name="afterMethod" is-config="true" duration-ms="1" started-at="2018-10-14T19:04:42Z" finished-at="2018-10-14T19:04:42Z">
          <reporter-output>
          </reporter-output>
        </test-method> <!-- afterMethod -->
        <test-method status="PASS" signature="searchFromMainHomePage()[pri:0, instance:com.aliexpress.auto.tests.AliexpressTests@4883b407]" name="searchFromMainHomePage" duration-ms="15924" started-at="2018-10-14T19:04:42Z" finished-at="2018-10-14T19:04:58Z">
          <reporter-output>
            <line>
              <![CDATA[Browsing to URL: https://www.aliexpress.com/]]>
            </line>
            <line>
              <![CDATA[Element displayed: wellcome pop-up (By.xpath: //div[@class='newuser-container'])]]>
            </line>
            <line>
              <![CDATA[Click on element: close pop-up button (By.xpath: //a[@class='close-layer'])]]>
            </line>
            <line>
              <![CDATA[Write 'Adidas jacket' to element: search box (By.id: search-key)]]>
            </line>
            <line>
              <![CDATA[Click on element: search button (By.xpath: //input[@class='search-button'])]]>
            </line>
            <line>
              <![CDATA[Click on element: search button (By.xpath: //input[@class='search-button'])]]>
            </line>
          </reporter-output>
        </test-method> <!-- searchFromMainHomePage -->
        <test-method status="PASS" signature="afterMethod()[pri:0, instance:com.aliexpress.auto.tests.AliexpressTests@4883b407]" name="afterMethod" is-config="true" duration-ms="767" started-at="2018-10-14T19:04:58Z" finished-at="2018-10-14T19:04:59Z">
          <reporter-output>
          </reporter-output>
        </test-method> <!-- afterMethod -->
      </class> <!-- com.aliexpress.auto.tests.AliexpressTests -->
    </test> <!-- Default test -->
  </suite> <!-- Default suite -->
</testng-results>
